2020-01-28 18:53:14,358 [main] INFO PMCS - ******** Opening URL*********
2020-01-28 18:53:19,825 [main] INFO PMCS - ******** Providing login details*********
2020-01-28 18:53:20,248 [main] INFO PMCS - ******** started login*********
2020-01-28 18:53:34,756 [main] INFO PMCS - ******** Click on logout link*********
2020-01-28 18:53:38,901 [main] INFO PMCS - ******** Login Passed*********
2020-01-28 18:53:41,917 [main] INFO PMCS - ********closing browser********
2020-01-28 18:55:27,077 [main] INFO PMCS - ******** Opening URL*********
2020-01-28 18:55:29,085 [main] INFO PMCS - ******** Providing login details*********
2020-01-28 18:55:29,595 [main] INFO PMCS - ******** started login*********
2020-01-28 18:55:40,487 [main] INFO PMCS - ******** Click on logout link*********
2020-01-28 18:55:44,565 [main] INFO PMCS - ******** Login Passed*********
2020-01-28 18:55:47,581 [main] INFO PMCS - ********closing browser********
2020-01-28 19:01:33,712 [main] INFO PMCS - ******** Opening URL*********
2020-01-28 19:01:35,638 [main] INFO PMCS - ******** Providing login details*********
2020-01-28 19:01:36,232 [main] INFO PMCS - ******** started login*********
2020-01-28 19:01:50,119 [main] INFO PMCS - ******** Click on logout link*********
2020-01-28 19:01:54,229 [main] INFO PMCS - ******** Login Passed*********
2020-01-28 19:01:57,240 [main] INFO PMCS - ********closing browser********
2020-01-29 09:12:04,931 [main] INFO PMCS - ******** Opening URL*********
2020-01-29 09:12:05,146 [main] INFO PMCS - ******** Providing login details*********
2020-01-29 09:13:30,879 [main] INFO PMCS - ******** Opening URL*********
2020-01-29 09:13:31,093 [main] INFO PMCS - ******** Providing login details*********
2020-01-29 09:13:40,626 [main] INFO PMCS - ******** started login*********
2020-01-29 09:13:50,362 [main] INFO PMCS - ******** Click on logout link*********
2020-01-29 09:13:56,632 [main] INFO PMCS - ******** Login Passed*********
2020-01-29 09:13:59,640 [main] INFO PMCS - ********closing browser********
2020-01-29 09:18:06,571 [main] INFO PMCS - ******** Opening URL*********
2020-01-29 09:18:06,835 [main] INFO PMCS - ******** Providing login details*********
2020-01-29 09:18:16,384 [main] INFO PMCS - ******** started login*********
2020-01-29 09:18:25,985 [main] INFO PMCS - ******** Click on logout link*********
2020-01-29 09:18:30,470 [main] INFO PMCS - ******** Login Passed*********
2020-01-29 09:18:33,488 [main] INFO PMCS - ********closing browser********
2020-01-29 09:19:47,365 [main] INFO PMCS - ******** Opening URL*********
2020-01-29 09:19:47,542 [main] INFO PMCS - ******** Providing login details*********
2020-01-29 09:19:57,052 [main] INFO PMCS - ******** started login*********
2020-01-29 09:20:07,791 [main] INFO PMCS - ******** Click on logout link*********
2020-01-29 09:20:12,164 [main] INFO PMCS - ******** Login Passed*********
2020-01-29 09:20:15,176 [main] INFO PMCS - ********closing browser********
2020-01-29 09:21:08,466 [main] INFO PMCS - ******** Opening URL*********
2020-01-29 09:21:08,708 [main] INFO PMCS - ******** Providing login details*********
2020-01-29 09:21:19,091 [main] INFO PMCS - ******** started login*********
2020-01-29 09:21:35,121 [main] INFO PMCS - ******** Click on logout link*********
2020-01-29 09:21:39,072 [main] INFO PMCS - ******** Login Passed*********
2020-01-29 09:21:42,079 [main] INFO PMCS - ********closing browser********
2020-01-29 09:24:15,326 [main] INFO PMCS - ******** Opening URL*********
2020-01-29 09:24:15,512 [main] INFO PMCS - ******** Providing login details*********
2020-01-29 09:24:28,742 [main] INFO PMCS - ******** started login*********
2020-01-29 09:24:41,312 [main] INFO PMCS - ******** Click on logout link*********
2020-01-29 09:24:45,318 [main] INFO PMCS - ******** Login Passed*********
2020-01-29 09:24:48,325 [main] INFO PMCS - ********closing browser********
2020-01-29 09:59:26,947 [main] INFO PMCS - ******** Opening URL*********
2020-01-29 10:00:50,521 [main] INFO PMCS - ******** Opening URL*********
2020-01-29 10:01:50,598 [main] INFO PMCS - ******** Opening URL*********
2020-01-29 10:01:51,584 [main] INFO PMCS - ******** Providing login details*********
2020-01-29 10:02:13,254 [main] INFO PMCS - ******** started login*********
2020-01-29 10:02:33,987 [main] INFO PMCS - ******** Click on logout link*********
2020-01-29 10:02:42,582 [main] INFO PMCS - ******** Login Passed*********
2020-01-29 10:02:45,605 [main] INFO PMCS - ********closing browser********
2020-01-29 11:32:42,829 [main] INFO PMCS - ******** Opening URL*********
2020-01-29 11:32:43,148 [main] INFO PMCS - ******** Providing user name details*********
2020-01-29 11:33:03,274 [main] INFO PMCS - ******** Opening URL*********
2020-01-29 11:33:03,580 [main] INFO PMCS - ******** Providing user name details*********
2020-01-29 11:33:23,871 [main] INFO PMCS - ******** Opening URL*********
2020-01-29 11:33:24,128 [main] INFO PMCS - ******** Providing user name details*********
2020-01-29 11:53:52,103 [main] INFO PMCS - ******** Opening URL*********
2020-01-29 11:53:52,164 [main] INFO PMCS - ******** Providing user name details*********
2020-01-29 11:54:11,490 [main] INFO PMCS - ******** Opening URL*********
2020-01-29 11:54:11,550 [main] INFO PMCS - ******** Providing user name details*********
2020-01-29 11:54:30,918 [main] INFO PMCS - ******** Opening URL*********
2020-01-29 11:54:30,965 [main] INFO PMCS - ******** Providing user name details*********
2020-01-29 12:00:06,056 [main] INFO PMCS - ******** Opening URL*********
2020-01-29 12:00:06,128 [main] INFO PMCS - ******** Click on my account *********
2020-01-29 12:00:26,198 [main] INFO PMCS - ******** Opening URL*********
2020-01-29 12:00:26,253 [main] INFO PMCS - ******** Click on my account *********
2020-01-29 12:00:37,175 [main] INFO PMCS - ******** Providing user name details*********
2020-01-29 12:00:37,375 [main] INFO PMCS - ******** Providing user password details*********
2020-01-29 12:00:37,509 [main] INFO PMCS - ******** started login*********
2020-01-29 12:00:41,701 [main] INFO PMCS - ******** Login Passed*********
2020-01-29 12:00:46,402 [main] INFO PMCS - ******** Opening URL*********
2020-01-29 12:00:46,453 [main] INFO PMCS - ******** Click on my account *********
2020-01-29 13:17:24,007 [main] INFO PMCS - ******** Opening URL*********
2020-01-29 13:17:24,053 [main] INFO PMCS - ******** Click on my account *********
2020-01-29 15:34:11,630 [main] INFO PMCS - ******** Opening URL*********
2020-01-29 15:34:11,817 [main] INFO PMCS - ******** Providing login details*********
2020-01-29 15:38:41,555 [main] INFO PMCS - ******** Opening URL*********
2020-01-29 15:38:41,649 [main] INFO PMCS - ******** Providing login details*********
2020-01-29 15:41:02,874 [main] INFO PMCS - ******** Opening URL*********
2020-01-29 15:41:02,997 [main] INFO PMCS - ******** Providing login details*********
2020-01-29 15:42:51,522 [main] INFO PMCS - ******** Opening URL*********
2020-01-29 15:42:51,736 [main] INFO PMCS - ******** Providing login details*********
2020-01-29 15:44:44,610 [main] INFO PMCS - ******** Opening URL*********
2020-01-29 15:44:44,834 [main] INFO PMCS - ******** Providing login details*********
2020-01-29 15:44:56,423 [main] INFO PMCS - ******** started login*********
2020-01-29 15:45:06,303 [main] INFO PMCS - ******** Click on logout link*********
2020-01-29 15:45:10,235 [main] INFO PMCS - ******** Login Passed*********
2020-01-29 15:45:13,253 [main] INFO PMCS - ********closing browser********
2020-01-29 15:57:15,897 [main] INFO PMCS - ******** Opening URL*********
2020-01-29 15:57:16,219 [main] INFO PMCS - ******** Providing login details*********
2020-01-29 15:58:30,387 [main] INFO PMCS - ******** Opening URL*********
2020-01-29 15:58:30,741 [main] INFO PMCS - ******** Providing login details*********
2020-01-29 16:00:45,429 [main] INFO PMCS - ******** Opening URL*********
2020-01-29 16:00:45,728 [main] INFO PMCS - ******** Providing login details*********
2020-01-29 16:02:12,235 [main] INFO PMCS - ******** Opening URL*********
2020-01-29 16:02:12,355 [main] INFO PMCS - ******** Providing login details*********
2020-01-29 16:02:27,337 [main] INFO PMCS - ******** started login*********
2020-01-29 16:02:36,663 [main] INFO PMCS - ******** Click on logout link*********
2020-01-29 16:02:41,095 [main] INFO PMCS - ******** Login Passed*********
2020-01-29 16:02:44,121 [main] INFO PMCS - ********closing browser********
2020-01-29 16:03:21,567 [main] INFO PMCS - ******** Opening URL*********
2020-01-29 16:03:21,813 [main] INFO PMCS - ******** Click on my account *********
2020-01-29 16:03:41,285 [main] INFO PMCS - ******** Opening URL*********
2020-01-29 16:03:41,502 [main] INFO PMCS - ******** Click on my account *********
2020-01-29 16:04:01,741 [main] INFO PMCS - ******** Opening URL*********
2020-01-29 16:04:01,986 [main] INFO PMCS - ******** Click on my account *********
2020-01-29 16:04:13,450 [main] INFO PMCS - ******** Providing user name details*********
2020-01-29 16:04:13,668 [main] INFO PMCS - ******** Providing user password details*********
2020-01-29 16:04:13,871 [main] INFO PMCS - ******** started login*********
2020-01-29 16:04:18,197 [main] INFO PMCS - ******** Login Passed*********
2020-01-29 16:05:52,642 [main] INFO PMCS - ******** Opening URL*********
2020-01-29 16:05:52,752 [main] INFO PMCS - ******** Providing login details*********
2020-01-29 16:06:03,900 [main] INFO PMCS - ******** started login*********
2020-01-29 16:06:13,580 [main] INFO PMCS - ******** Click on logout link*********
2020-01-29 16:06:17,611 [main] INFO PMCS - ******** Login Passed*********
2020-01-29 16:06:20,631 [main] INFO PMCS - ********closing browser********
2020-01-29 16:09:13,048 [main] INFO PMCS - ******** Opening URL*********
2020-01-29 16:09:13,136 [main] INFO PMCS - ******** Providing login details*********
2020-01-29 16:09:25,960 [main] INFO PMCS - ******** started login*********
2020-01-29 16:09:35,343 [main] INFO PMCS - ******** Click on logout link*********
2020-01-29 16:09:39,646 [main] INFO PMCS - ******** Login Passed*********
2020-01-29 16:09:42,657 [main] INFO PMCS - ********closing browser********
2020-01-29 16:15:34,396 [main] INFO PMCS - ******** Opening URL*********
2020-01-29 16:15:34,469 [main] INFO PMCS - ******** Providing login details*********
2020-01-29 16:15:45,139 [main] INFO PMCS - ******** started login*********
2020-01-29 16:15:55,851 [main] INFO PMCS - ******** Click on logout link*********
2020-01-29 16:16:00,035 [main] INFO PMCS - ******** Login Passed*********
2020-01-29 16:16:03,062 [main] INFO PMCS - ********closing browser********
2020-01-29 16:17:21,630 [main] INFO PMCS - ******** Opening URL*********
2020-01-29 16:17:21,677 [main] INFO PMCS - ******** Providing login details*********
2020-01-29 16:17:31,219 [main] INFO PMCS - ******** started login*********
2020-01-29 16:17:40,703 [main] INFO PMCS - ******** Click on logout link*********
2020-01-29 16:17:44,603 [main] INFO PMCS - ******** Login Passed*********
2020-01-29 16:17:47,619 [main] INFO PMCS - ********closing browser********
2020-01-29 16:19:56,281 [main] INFO PMCS - ******** Opening URL*********
2020-01-29 16:19:56,380 [main] INFO PMCS - ******** Providing login details*********
2020-01-29 16:20:05,530 [main] INFO PMCS - ******** started login*********
2020-01-29 16:20:15,573 [main] INFO PMCS - ******** Click on logout link*********
2020-01-29 16:20:19,824 [main] INFO PMCS - ******** Login Passed*********
2020-01-29 16:20:22,841 [main] INFO PMCS - ********closing browser********
2020-01-29 16:24:15,077 [main] INFO PMCS - ******** Opening URL*********
2020-01-29 16:24:15,165 [main] INFO PMCS - ******** Providing login details*********
2020-01-29 16:24:24,002 [main] INFO PMCS - ******** started login*********
2020-01-29 16:24:33,377 [main] INFO PMCS - ******** Click on logout link*********
2020-01-29 16:24:37,486 [main] INFO PMCS - ******** Login Passed*********
2020-01-29 16:24:40,511 [main] INFO PMCS - ********closing browser********
2020-01-29 19:01:11,742 [main] INFO PMCS - ******** Opening URL*********
2020-01-29 19:01:13,806 [main] INFO PMCS - ******** Click on my account *********
2020-01-29 19:01:19,108 [main] INFO PMCS - ******** Providing user name details*********
2020-01-29 19:01:19,363 [main] INFO PMCS - ******** Providing user password details*********
2020-01-29 19:01:19,467 [main] INFO PMCS - ******** started login*********
2020-01-29 19:01:24,310 [main] INFO PMCS - ******** Login Passed*********
2020-01-29 19:01:30,917 [main] INFO PMCS - ******** Opening URL*********
2020-01-29 19:01:33,449 [main] INFO PMCS - ******** Click on my account *********
2020-01-29 19:01:35,051 [main] INFO PMCS - ******** Providing user name details*********
2020-01-29 19:01:35,221 [main] INFO PMCS - ******** Providing user password details*********
2020-01-29 19:01:35,327 [main] INFO PMCS - ******** started login*********
2020-01-29 19:01:40,176 [main] INFO PMCS - ******** Login Passed*********
2020-01-29 19:01:46,128 [main] INFO PMCS - ******** Opening URL*********
2020-01-29 19:01:48,644 [main] INFO PMCS - ******** Click on my account *********
2020-01-29 19:01:50,276 [main] INFO PMCS - ******** Providing user name details*********
2020-01-29 19:01:50,434 [main] INFO PMCS - ******** Providing user password details*********
2020-01-29 19:01:50,531 [main] INFO PMCS - ******** started login*********
2020-01-29 19:01:55,274 [main] INFO PMCS - ******** Login Passed*********
2020-01-29 19:05:27,737 [main] INFO PMCS - ******** Opening URL*********
2020-01-29 19:05:29,831 [main] INFO PMCS - ******** Click on my account *********
2020-01-29 19:05:31,403 [main] INFO PMCS - ******** Providing user name details*********
2020-01-29 19:05:31,557 [main] INFO PMCS - ******** Providing user password details*********
2020-01-29 19:05:31,651 [main] INFO PMCS - ******** started login*********
2020-01-29 19:05:36,550 [main] INFO PMCS - ******** Login Passed*********
2020-01-29 19:05:44,033 [main] INFO PMCS - ******** Opening URL*********
2020-01-29 19:05:46,498 [main] INFO PMCS - ******** Click on my account *********
2020-01-29 19:05:48,231 [main] INFO PMCS - ******** Providing user name details*********
2020-01-29 19:05:48,386 [main] INFO PMCS - ******** Providing user password details*********
2020-01-29 19:05:48,490 [main] INFO PMCS - ******** started login*********
2020-01-29 19:05:53,511 [main] INFO PMCS - ******** Login Passed*********
2020-01-29 19:05:59,838 [main] INFO PMCS - ******** Opening URL*********
2020-01-29 19:06:01,970 [main] INFO PMCS - ******** Click on my account *********
2020-01-29 19:06:03,724 [main] INFO PMCS - ******** Providing user name details*********
2020-01-29 19:06:03,934 [main] INFO PMCS - ******** Providing user password details*********
2020-01-29 19:06:04,091 [main] INFO PMCS - ******** started login*********
2020-01-29 19:06:08,927 [main] INFO PMCS - ******** Login Passed*********
2020-01-29 22:02:31,790 [main] INFO PMCS - ******** Opening URL*********
2020-01-29 22:02:50,877 [main] INFO PMCS - ******** Opening URL*********
2020-01-29 22:03:09,726 [main] INFO PMCS - ******** Opening URL*********
2020-01-29 22:07:53,140 [main] INFO PMCS - ******** Opening URL*********
2020-01-29 22:07:53,854 [main] INFO PMCS - ******** Providing login details*********
2020-01-29 22:07:54,097 [main] INFO PMCS - ******** started login*********
2020-01-29 22:08:04,623 [main] INFO PMCS - ******** Click on logout link*********
2020-01-29 22:08:08,651 [main] INFO PMCS - ******** Login Passed*********
2020-01-29 22:08:11,677 [main] INFO PMCS - ********closing browser********
2020-01-29 22:08:17,369 [main] INFO PMCS - ******** Opening URL*********
2020-01-29 22:08:19,345 [main] INFO PMCS - ******** Click on my account *********
2020-01-29 22:08:20,674 [main] INFO PMCS - ******** Providing user name details*********
2020-01-29 22:08:20,808 [main] INFO PMCS - ******** Providing user password details*********
2020-01-29 22:08:20,888 [main] INFO PMCS - ******** started login*********
2020-01-29 22:08:25,306 [main] INFO PMCS - ********closing browser********
2020-01-29 22:08:31,114 [main] INFO PMCS - ******** Opening URL*********
2020-01-29 22:08:33,026 [main] INFO PMCS - ******** Click on my account *********
2020-01-29 22:08:34,591 [main] INFO PMCS - ******** Providing user name details*********
2020-01-29 22:08:34,752 [main] INFO PMCS - ******** Providing user password details*********
2020-01-29 22:08:34,854 [main] INFO PMCS - ******** started login*********
2020-01-29 22:08:39,370 [main] INFO PMCS - ********closing browser********
2020-01-29 22:08:44,942 [main] INFO PMCS - ******** Opening URL*********
2020-01-29 22:08:46,689 [main] INFO PMCS - ******** Click on my account *********
2020-01-29 22:08:48,048 [main] INFO PMCS - ******** Providing user name details*********
2020-01-29 22:08:48,222 [main] INFO PMCS - ******** Providing user password details*********
2020-01-29 22:08:48,313 [main] INFO PMCS - ******** started login*********
2020-01-29 22:08:52,660 [main] INFO PMCS - ********closing browser********
2020-01-29 22:15:29,943 [main] INFO PMCS - ******** Opening URL*********
2020-01-29 22:15:34,518 [main] INFO PMCS - ******** Click on my account *********
2020-01-29 22:15:35,980 [main] INFO PMCS - ******** Providing user name details*********
2020-01-29 22:15:36,115 [main] INFO PMCS - ******** Providing user password details*********
2020-01-29 22:15:36,204 [main] INFO PMCS - ******** started login*********
2020-01-29 22:15:40,770 [main] INFO PMCS - ******** Login Passed*********
2020-01-29 22:15:45,425 [main] INFO PMCS - ******** Opening URL*********
2020-01-29 22:15:47,914 [main] INFO PMCS - ******** Click on my account *********
2020-01-29 22:15:49,327 [main] INFO PMCS - ******** Providing user name details*********
2020-01-29 22:15:49,553 [main] INFO PMCS - ******** Providing user password details*********
2020-01-29 22:15:49,684 [main] INFO PMCS - ******** started login*********
2020-01-29 22:15:54,656 [main] INFO PMCS - ******** Login Passed*********
2020-01-29 22:16:00,163 [main] INFO PMCS - ******** Opening URL*********
2020-01-29 22:16:02,736 [main] INFO PMCS - ******** Click on my account *********
2020-01-29 22:16:04,389 [main] INFO PMCS - ******** Providing user name details*********
2020-01-29 22:16:04,567 [main] INFO PMCS - ******** Providing user password details*********
2020-01-29 22:16:04,656 [main] INFO PMCS - ******** started login*********
2020-01-29 22:16:09,067 [main] INFO PMCS - ******** Login Passed*********
2020-01-29 22:28:59,402 [main] INFO PMCS - ******** I am a chrome browser*********
2020-01-29 22:29:00,956 [main] INFO PMCS - ******** Opening URL*********
2020-01-29 22:29:02,761 [main] INFO PMCS - ******** Click on my account *********
2020-01-29 22:29:07,908 [main] INFO PMCS - ******** Providing user name details*********
2020-01-29 22:29:08,054 [main] INFO PMCS - ******** Providing user password details*********
2020-01-29 22:29:08,141 [main] INFO PMCS - ******** started login*********
2020-01-29 22:29:13,221 [main] INFO PMCS - ******** Login Passed*********
2020-01-29 22:29:16,237 [main] INFO PMCS - ********closing browser********
2020-01-29 22:29:24,360 [main] INFO PMCS - ******** I am a chrome browser*********
2020-01-29 22:29:25,680 [main] INFO PMCS - ******** Opening URL*********
2020-01-29 22:29:32,878 [main] INFO PMCS - ******** Click on my account *********
2020-01-29 22:29:34,787 [main] INFO PMCS - ******** Providing user name details*********
2020-01-29 22:29:34,930 [main] INFO PMCS - ******** Providing user password details*********
2020-01-29 22:29:35,021 [main] INFO PMCS - ******** started login*********
2020-01-29 22:29:39,871 [main] INFO PMCS - ******** Login Passed*********
2020-01-29 22:29:42,894 [main] INFO PMCS - ********closing browser********
2020-01-29 22:29:48,237 [main] INFO PMCS - ******** I am a chrome browser*********
2020-01-29 22:29:49,588 [main] INFO PMCS - ******** Opening URL*********
2020-01-29 22:29:53,485 [main] INFO PMCS - ******** Click on my account *********
2020-01-29 22:29:55,156 [main] INFO PMCS - ******** Providing user name details*********
2020-01-29 22:29:55,310 [main] INFO PMCS - ******** Providing user password details*********
2020-01-29 22:29:55,397 [main] INFO PMCS - ******** started login*********
2020-01-29 22:30:00,663 [main] INFO PMCS - ******** Login Passed*********
2020-01-29 22:30:03,687 [main] INFO PMCS - ********closing browser********
2020-02-01 14:18:52,447 [main] INFO PMCS - ******** I am a chrome browser*********
2020-02-01 14:18:53,845 [main] INFO PMCS - ******** Opening URL*********
2020-02-01 14:18:56,791 [main] INFO PMCS - ******** Providing login details*********
2020-02-01 14:18:57,106 [main] INFO PMCS - ******** started login*********
2020-02-01 14:19:10,187 [main] INFO PMCS - ******** Click on logout link*********
2020-02-01 14:19:14,099 [main] INFO PMCS - ******** Login Passed*********
2020-02-01 14:19:17,111 [main] INFO PMCS - ********closing browser********
2020-02-01 14:19:29,652 [main] INFO PMCS - ******** I am a chrome browser*********
2020-02-01 14:19:31,506 [main] INFO PMCS - ******** Opening URL*********
2020-02-01 14:19:35,216 [main] INFO PMCS - ******** Click on my account *********
2020-02-01 14:19:37,281 [main] INFO PMCS - ******** Providing user name details*********
2020-02-01 14:19:37,546 [main] INFO PMCS - ******** Providing user password details*********
2020-02-01 14:19:37,659 [main] INFO PMCS - ******** started login*********
2020-02-01 14:19:44,084 [main] INFO PMCS - ******** Login SuccessFully*********
2020-02-01 14:19:47,087 [main] INFO PMCS - ********closing browser********
2020-02-01 14:19:54,839 [main] INFO PMCS - ******** I am a chrome browser*********
2020-02-01 14:19:56,733 [main] INFO PMCS - ******** Opening URL*********
2020-02-01 14:20:04,060 [main] INFO PMCS - ******** Click on my account *********
2020-02-01 14:20:05,090 [main] INFO PMCS - ******** Providing user name details*********
2020-02-01 14:20:05,317 [main] INFO PMCS - ******** Providing user password details*********
2020-02-01 14:20:05,431 [main] INFO PMCS - ******** started login*********
2020-02-01 14:20:09,459 [main] INFO PMCS - ******** Login SuccessFully*********
2020-02-01 14:20:12,464 [main] INFO PMCS - ********closing browser********
2020-02-01 14:20:16,163 [main] INFO PMCS - ******** I am a chrome browser*********
2020-02-01 14:20:17,457 [main] INFO PMCS - ******** Opening URL*********
2020-02-01 14:20:18,928 [main] INFO PMCS - ******** Click on my account *********
2020-02-01 14:20:19,851 [main] INFO PMCS - ******** Providing user name details*********
2020-02-01 14:20:20,072 [main] INFO PMCS - ******** Providing user password details*********
2020-02-01 14:20:20,193 [main] INFO PMCS - ******** started login*********
2020-02-01 14:20:24,436 [main] INFO PMCS - ******** Login SuccessFully*********
2020-02-01 14:20:27,438 [main] INFO PMCS - ********closing browser********
2020-02-02 13:32:46,347 [main] INFO PMCS - ******** I am a chrome browser*********
2020-02-02 13:32:47,629 [main] INFO PMCS - ******** Opening URL*********
2020-02-02 13:32:49,574 [main] INFO PMCS - ******** Providing login details*********
2020-02-02 13:32:49,884 [main] INFO PMCS - ******** started login*********
2020-02-02 13:33:13,830 [main] INFO PMCS - ******** Click on logout link*********
2020-02-02 13:33:17,868 [main] INFO PMCS - ******** Login Passed*********
2020-02-02 13:33:20,887 [main] INFO PMCS - ********closing browser********
2020-02-02 13:33:25,780 [main] INFO PMCS - ******** I am a chrome browser*********
2020-02-02 13:33:26,944 [main] INFO PMCS - ******** Opening URL*********
2020-02-02 13:33:29,087 [main] INFO PMCS - ******** Click on my account *********
2020-02-02 13:33:29,917 [main] INFO PMCS - ******** Providing user name details*********
2020-02-02 13:33:30,141 [main] INFO PMCS - ******** Providing user password details*********
2020-02-02 13:33:30,252 [main] INFO PMCS - ******** started login*********
2020-02-02 13:33:34,643 [main] INFO PMCS - ******** Login SuccessFully*********
2020-02-02 13:33:37,645 [main] INFO PMCS - ********closing browser********
2020-02-02 13:33:41,206 [main] INFO PMCS - ******** I am a chrome browser*********
2020-02-02 13:33:42,427 [main] INFO PMCS - ******** Opening URL*********
2020-02-02 13:33:44,387 [main] INFO PMCS - ******** Click on my account *********
2020-02-02 13:33:45,615 [main] INFO PMCS - ******** Providing user name details*********
2020-02-02 13:33:45,838 [main] INFO PMCS - ******** Providing user password details*********
2020-02-02 13:33:45,952 [main] INFO PMCS - ******** started login*********
2020-02-02 13:33:50,091 [main] INFO PMCS - ******** Login SuccessFully*********
2020-02-02 13:33:53,096 [main] INFO PMCS - ********closing browser********
2020-02-02 13:33:57,064 [main] INFO PMCS - ******** I am a chrome browser*********
2020-02-02 13:33:58,235 [main] INFO PMCS - ******** Opening URL*********
2020-02-02 13:34:00,200 [main] INFO PMCS - ******** Click on my account *********
2020-02-02 13:34:01,126 [main] INFO PMCS - ******** Providing user name details*********
2020-02-02 13:34:01,334 [main] INFO PMCS - ******** Providing user password details*********
2020-02-02 13:34:01,449 [main] INFO PMCS - ******** started login*********
2020-02-02 13:34:05,601 [main] INFO PMCS - ******** Login SuccessFully*********
2020-02-02 13:34:08,606 [main] INFO PMCS - ********closing browser********
2020-02-22 14:18:54,444 [main] INFO PMCS - ******** I am a chrome browser*********
2020-02-22 14:18:55,013 [main] INFO PMCS - ******** Opening URL*********
2020-02-22 14:18:55,392 [main] INFO PMCS - ******** I am a chrome browser*********
2020-02-22 14:18:55,583 [main] INFO PMCS - ******** Opening URL*********
2020-02-22 14:18:55,614 [main] INFO PMCS - ******** I am a chrome browser*********
2020-02-22 14:18:56,329 [main] INFO PMCS - ******** Opening URL*********
2020-02-22 14:18:56,350 [main] INFO PMCS - ******** I am a chrome browser*********
2020-02-22 14:18:56,435 [main] INFO PMCS - ******** Opening URL*********
2020-02-22 14:24:14,282 [main] INFO PMCS - ******** I am a chrome browser*********
2020-02-22 14:24:14,579 [main] INFO PMCS - ******** Opening URL*********
2020-02-22 14:24:14,916 [main] INFO PMCS - ******** I am a chrome browser*********
2020-02-22 14:24:15,060 [main] INFO PMCS - ******** Opening URL*********
2020-02-22 14:24:15,132 [main] INFO PMCS - ******** I am a chrome browser*********
2020-02-22 14:24:15,225 [main] INFO PMCS - ******** Opening URL*********
2020-02-22 14:24:15,298 [main] INFO PMCS - ******** I am a chrome browser*********
2020-02-22 14:24:15,326 [main] INFO PMCS - ******** Opening URL*********
2020-02-22 14:27:44,215 [main] INFO PMCS - ******** I am a headless mode chrome browser*********
2020-02-22 14:27:44,548 [main] INFO PMCS - ******** Opening URL*********
2020-02-22 14:27:45,002 [main] INFO PMCS - ******** I am a headless mode chrome browser*********
2020-02-22 14:27:45,064 [main] INFO PMCS - ******** Opening URL*********
2020-02-22 14:27:45,134 [main] INFO PMCS - ******** I am a headless mode chrome browser*********
2020-02-22 14:27:45,205 [main] INFO PMCS - ******** Opening URL*********
2020-02-22 14:27:45,286 [main] INFO PMCS - ******** I am a headless mode chrome browser*********
2020-02-22 14:27:45,327 [main] INFO PMCS - ******** Opening URL*********
2020-02-22 14:31:23,460 [main] INFO PMCS - ******** I am a headless mode chrome browser*********
2020-02-22 14:31:23,875 [main] INFO PMCS - ******** Opening URL*********
2020-02-22 14:31:24,518 [main] INFO PMCS - ******** I am a headless mode chrome browser*********
2020-02-22 14:31:24,616 [main] INFO PMCS - ******** Opening URL*********
2020-02-22 14:31:24,767 [main] INFO PMCS - ******** I am a headless mode chrome browser*********
2020-02-22 14:31:24,836 [main] INFO PMCS - ******** Opening URL*********
2020-02-22 14:31:24,907 [main] INFO PMCS - ******** I am a headless mode chrome browser*********
2020-02-22 14:31:25,004 [main] INFO PMCS - ******** Opening URL*********
2020-02-24 18:21:15,627 [main] INFO PMCS - ******** I am a chrome browser*********
2020-02-24 18:21:31,194 [main] INFO PMCS - ******** Opening URL*********
2020-02-24 18:21:48,440 [main] INFO PMCS - ******** Providing login details*********
2020-02-24 18:21:49,046 [main] INFO PMCS - ******** started login*********
2020-02-24 18:22:11,833 [main] INFO PMCS - ******** I am a chrome browser*********
2020-02-24 18:22:23,912 [main] INFO PMCS - ******** Opening URL*********
2020-02-24 18:22:27,348 [main] INFO PMCS - ******** Click on my account *********
2020-02-24 18:22:29,019 [main] INFO PMCS - ******** Providing user name details*********
2020-02-24 18:22:29,344 [main] INFO PMCS - ******** Providing user password details*********
2020-02-24 18:22:29,532 [main] INFO PMCS - ******** started login*********
2020-02-24 18:22:34,471 [main] INFO PMCS - ******** Login SuccessFully*********
2020-02-24 18:22:37,498 [main] INFO PMCS - ********closing browser********
2020-02-24 18:22:39,041 [main] INFO PMCS - ******** I am a chrome browser*********
2020-02-24 18:22:50,546 [main] INFO PMCS - ******** Opening URL*********
2020-02-24 18:22:53,608 [main] INFO PMCS - ******** Click on my account *********
2020-02-24 18:22:55,476 [main] INFO PMCS - ******** Providing user name details*********
2020-02-24 18:22:56,103 [main] INFO PMCS - ******** Providing user password details*********
2020-02-24 18:22:56,272 [main] INFO PMCS - ******** started login*********
2020-02-24 18:23:00,495 [main] INFO PMCS - ******** Login SuccessFully*********
2020-02-24 18:23:03,504 [main] INFO PMCS - ********closing browser********
2020-02-24 18:23:04,977 [main] INFO PMCS - ******** I am a chrome browser*********
2020-02-24 18:23:17,505 [main] INFO PMCS - ******** Opening URL*********
2020-02-24 18:23:20,811 [main] INFO PMCS - ******** Click on my account *********
2020-02-24 18:23:22,230 [main] INFO PMCS - ******** Providing user name details*********
2020-02-24 18:23:23,489 [main] INFO PMCS - ******** Providing user password details*********
2020-02-24 18:23:23,738 [main] INFO PMCS - ******** started login*********
2020-02-24 18:23:28,350 [main] INFO PMCS - ******** Login SuccessFully*********
2020-02-24 18:23:31,351 [main] INFO PMCS - ********closing browser********
2020-02-24 18:33:24,847 [main] INFO PMCS - ******** I am a chrome browser*********
2020-02-24 18:33:42,675 [main] INFO PMCS - ******** Opening URL*********
2020-02-24 18:34:06,682 [main] INFO PMCS - ******** I am a chrome browser*********
2020-02-24 18:34:19,411 [main] INFO PMCS - ******** Opening URL*********
2020-02-24 18:34:23,625 [main] INFO PMCS - ******** Click on my account *********
2020-02-24 18:34:25,526 [main] INFO PMCS - ******** Providing user name details*********
2020-02-24 18:34:26,329 [main] INFO PMCS - ******** Providing user password details*********
2020-02-24 18:34:26,570 [main] INFO PMCS - ******** started login*********
2020-02-24 18:34:31,193 [main] INFO PMCS - ******** Login SuccessFully*********
2020-02-24 18:34:34,358 [main] INFO PMCS - ********closing browser********
2020-02-24 18:34:36,159 [main] INFO PMCS - ******** I am a chrome browser*********
2020-02-24 18:34:49,393 [main] INFO PMCS - ******** Opening URL*********
2020-02-24 18:34:52,315 [main] INFO PMCS - ******** Click on my account *********
2020-02-24 18:34:54,001 [main] INFO PMCS - ******** Providing user name details*********
2020-02-24 18:34:54,853 [main] INFO PMCS - ******** Providing user password details*********
2020-02-24 18:34:55,389 [main] INFO PMCS - ******** started login*********
2020-02-24 18:35:00,249 [main] INFO PMCS - ******** Login SuccessFully*********
2020-02-24 18:35:03,257 [main] INFO PMCS - ********closing browser********
2020-02-24 18:35:04,330 [main] INFO PMCS - ******** I am a chrome browser*********
2020-02-24 18:35:17,551 [main] INFO PMCS - ******** Opening URL*********
2020-02-24 18:35:20,000 [main] INFO PMCS - ******** Click on my account *********
2020-02-24 18:35:21,363 [main] INFO PMCS - ******** Providing user name details*********
2020-02-24 18:35:22,201 [main] INFO PMCS - ******** Providing user password details*********
2020-02-24 18:35:22,429 [main] INFO PMCS - ******** started login*********
2020-02-24 18:35:27,949 [main] INFO PMCS - ******** Login SuccessFully*********
2020-02-24 18:35:30,966 [main] INFO PMCS - ********closing browser********
2020-02-24 18:43:14,734 [main] INFO PMCS - ******** I am a chrome browser*********
2020-02-24 18:43:31,073 [main] INFO PMCS - ******** Opening URL*********
2020-02-24 18:43:51,857 [main] INFO PMCS - ******** I am a chrome browser*********
2020-02-24 18:44:06,074 [main] INFO PMCS - ******** Opening URL*********
2020-02-24 18:44:08,248 [main] INFO PMCS - ******** Click on my account *********
2020-02-24 18:44:09,911 [main] INFO PMCS - ******** Providing user name details*********
2020-02-24 18:44:12,893 [main] INFO PMCS - ******** Providing user password details*********
2020-02-24 18:44:13,179 [main] INFO PMCS - ******** started login*********
2020-02-24 18:44:18,067 [main] INFO PMCS - ******** Login SuccessFully*********
2020-02-24 18:44:21,125 [main] INFO PMCS - ********closing browser********
2020-02-24 18:44:22,391 [main] INFO PMCS - ******** I am a chrome browser*********
2020-02-24 18:44:33,388 [main] INFO PMCS - ******** Opening URL*********
2020-02-24 18:44:35,745 [main] INFO PMCS - ******** Click on my account *********
2020-02-24 18:44:37,206 [main] INFO PMCS - ******** Providing user name details*********
2020-02-24 18:44:38,222 [main] INFO PMCS - ******** Providing user password details*********
2020-02-24 18:44:38,533 [main] INFO PMCS - ******** started login*********
2020-02-24 18:44:43,120 [main] INFO PMCS - ******** Login SuccessFully*********
2020-02-24 18:44:46,148 [main] INFO PMCS - ********closing browser********
2020-02-24 18:44:48,361 [main] INFO PMCS - ******** I am a chrome browser*********
2020-02-24 18:45:02,501 [main] INFO PMCS - ******** Opening URL*********
2020-02-24 18:45:04,599 [main] INFO PMCS - ******** Click on my account *********
2020-02-24 18:45:07,189 [main] INFO PMCS - ******** Providing user name details*********
2020-02-24 18:45:07,879 [main] INFO PMCS - ******** I am a chrome browser*********
2020-02-24 18:45:08,289 [main] INFO PMCS - ******** Providing user password details*********
2020-02-24 18:45:08,923 [main] INFO PMCS - ******** started login*********
2020-02-24 18:45:23,740 [main] INFO PMCS - ******** Opening URL*********
2020-02-24 18:45:25,519 [main] INFO PMCS - ******** Providing login details*********
2020-02-24 18:45:26,585 [main] INFO PMCS - ******** started login*********
2020-02-24 18:45:46,762 [main] INFO PMCS - ******** Click on logout link*********
2020-02-24 18:45:52,605 [main] INFO PMCS - ******** Login Passed*********
2020-02-24 18:45:55,625 [main] INFO PMCS - ********closing browser********
2020-02-24 18:45:57,298 [main] INFO PMCS - ******** I am a chrome browser*********
2020-02-24 18:46:08,526 [main] INFO PMCS - ******** Opening URL*********
2020-02-24 18:46:10,598 [main] INFO PMCS - ******** Click on my account *********
2020-02-24 18:46:12,276 [main] INFO PMCS - ******** Providing user name details*********
2020-02-24 18:46:12,732 [main] INFO PMCS - ******** Providing user password details*********
2020-02-24 18:46:12,985 [main] INFO PMCS - ******** started login*********
2020-02-24 18:46:17,851 [main] INFO PMCS - ******** Login SuccessFully*********
2020-02-24 18:46:20,853 [main] INFO PMCS - ********closing browser********
2020-02-24 18:46:21,715 [main] INFO PMCS - ******** I am a chrome browser*********
2020-02-24 18:46:32,472 [main] INFO PMCS - ******** Opening URL*********
2020-02-24 18:46:34,179 [main] INFO PMCS - ******** Click on my account *********
2020-02-24 18:46:35,377 [main] INFO PMCS - ******** Providing user name details*********
2020-02-24 18:46:35,910 [main] INFO PMCS - ******** Providing user password details*********
2020-02-24 18:46:36,088 [main] INFO PMCS - ******** started login*********
2020-02-24 18:46:40,306 [main] INFO PMCS - ******** Login SuccessFully*********
2020-02-24 18:46:43,307 [main] INFO PMCS - ********closing browser********
2020-02-24 18:46:44,392 [main] INFO PMCS - ******** I am a chrome browser*********
2020-02-24 18:46:54,929 [main] INFO PMCS - ******** Opening URL*********
2020-02-24 18:46:57,613 [main] INFO PMCS - ******** Click on my account *********
2020-02-24 18:46:58,981 [main] INFO PMCS - ******** Providing user name details*********
2020-02-24 18:46:59,427 [main] INFO PMCS - ******** Providing user password details*********
2020-02-24 18:46:59,660 [main] INFO PMCS - ******** started login*********
2020-02-24 18:47:04,020 [main] INFO PMCS - ******** Login SuccessFully*********
2020-02-24 18:47:07,021 [main] INFO PMCS - ********closing browser********
2020-02-24 18:50:05,351 [main] INFO PMCS - ******** I am a chrome browser*********
2020-02-24 18:50:29,322 [main] INFO PMCS - ******** Opening URL*********
2020-02-24 18:50:30,076 [main] INFO PMCS - ******** Providing login details*********
2020-02-24 18:50:30,424 [main] INFO PMCS - ******** started login*********
2020-02-24 18:50:43,510 [main] INFO PMCS - ******** Click on logout link*********
2020-02-24 18:50:48,626 [main] INFO PMCS - ******** Login Passed*********
2020-02-24 18:50:51,643 [main] INFO PMCS - ********closing browser********
2020-02-24 18:50:53,214 [main] INFO PMCS - ******** I am a chrome browser*********
2020-02-24 18:51:16,337 [main] INFO PMCS - ******** Opening URL*********
2020-02-24 18:51:18,055 [main] INFO PMCS - ******** Click on my account *********
2020-02-24 18:51:19,264 [main] INFO PMCS - ******** Providing user name details*********
2020-02-24 18:51:19,456 [main] INFO PMCS - ******** Providing user password details*********
2020-02-24 18:51:19,602 [main] INFO PMCS - ******** started login*********
2020-02-24 18:51:24,408 [main] INFO PMCS - ******** Login SuccessFully*********
2020-02-24 18:51:27,413 [main] INFO PMCS - ********closing browser********
2020-02-24 18:51:28,216 [main] INFO PMCS - ******** I am a chrome browser*********
2020-02-24 18:51:55,017 [main] INFO PMCS - ******** Opening URL*********
2020-02-24 18:51:56,716 [main] INFO PMCS - ******** Click on my account *********
2020-02-24 18:51:58,091 [main] INFO PMCS - ******** Providing user name details*********
2020-02-24 18:51:58,382 [main] INFO PMCS - ******** Providing user password details*********
2020-02-24 18:51:58,508 [main] INFO PMCS - ******** started login*********
2020-02-24 18:52:02,773 [main] INFO PMCS - ******** Login SuccessFully*********
2020-02-24 18:52:05,826 [main] INFO PMCS - ********closing browser********
2020-02-24 18:52:07,995 [main] INFO PMCS - ******** I am a chrome browser*********
2020-02-24 18:52:33,364 [main] INFO PMCS - ******** Opening URL*********
2020-02-24 18:52:35,318 [main] INFO PMCS - ******** Click on my account *********
2020-02-24 18:52:37,247 [main] INFO PMCS - ******** Providing user name details*********
2020-02-24 18:52:37,651 [main] INFO PMCS - ******** Providing user password details*********
2020-02-24 18:52:38,024 [main] INFO PMCS - ******** started login*********
2020-02-24 18:52:42,468 [main] INFO PMCS - ******** Login SuccessFully*********
2020-02-24 18:52:45,472 [main] INFO PMCS - ********closing browser********
2020-02-25 14:46:35,583 [main] INFO PMCS - ******** I am a chrome browser*********
2020-02-25 14:46:51,946 [main] INFO PMCS - ******** Opening URL*********
2020-02-25 14:46:55,122 [main] INFO PMCS - ******** Providing login details*********
2020-02-25 14:46:55,527 [main] INFO PMCS - ******** started login*********
2020-02-25 14:47:24,860 [main] INFO PMCS - ******** Click on logout link*********
2020-02-25 14:47:33,296 [main] INFO PMCS - ******** Login Passed*********
2020-02-25 14:50:25,613 [main] INFO PMCS - ******** I am a chrome browser*********
2020-02-25 14:51:07,338 [main] INFO PMCS - ******** Opening URL*********
2020-02-25 14:51:09,023 [main] INFO PMCS - ******** I am a chrome browser*********
